{
  "stats": {
    "suites": 1,
    "tests": 4,
    "passes": 4,
    "pending": 0,
    "failures": 0,
    "start": "2022-10-02T03:30:44.723Z",
    "end": "2022-10-02T03:30:59.388Z",
    "duration": 14665,
    "testsRegistered": 4,
    "passPercent": 100,
    "pendingPercent": 0,
    "other": 0,
    "hasOther": false,
    "skipped": 0,
    "hasSkipped": false
  },
  "results": [
    {
      "uuid": "c028dbf6-d5ed-411d-ae57-c98c5daab2e5",
      "title": "",
      "fullFile": "cypress/integration/webdriver-uni/contact-us.js",
      "file": "cypress/integration/webdriver-uni/contact-us.js",
      "beforeHooks": [],
      "afterHooks": [],
      "tests": [],
      "suites": [
        {
          "uuid": "e1c2f477-5e31-4320-9c51-68803bfb186c",
          "title": "Test Contact Us from via WebDriverUni",
          "fullFile": "",
          "file": "",
          "beforeHooks": [],
          "afterHooks": [],
          "tests": [
            {
              "title": "Should be able to submit a successful submission vis contat us form",
              "fullTitle": "Test Contact Us from via WebDriverUni Should be able to submit a successful submission vis contat us form",
              "timedOut": null,
              "duration": 5283,
              "state": "passed",
              "speed": "medium",
              "pass": true,
              "fail": false,
              "pending": false,
              "context": null,
              "code": "// code\ncy.visit(\"https://www.webdriveruniversity.com/Contact-Us/contactus.html\");\ncy.document().should('have.property', 'charset').and('eq', 'UTF-8');\ncy.title().should('include', 'WebDriver | Contact Us');\ncy.url().should('include', 'contactus'); //  cy.get('#contact-us').click()\ncy.get('[name=\"first_name\"]').type(\"Joe\");\ncy.get('[name=\"last_name\"]').type(\"Buking\");\ncy.get('[name=\"email\"]').type(\"Joe@yahoo.com\");\ncy.get('[name=\"message\"]').type(\"Hello there!\");\ncy.get('[type=\"submit\"]').click();\ncy.get('h1').should('have.text', 'Thank You for your Message!');",
              "err": {},
              "uuid": "0b306f7b-0e6c-49b4-8a79-160f70faad82",
              "parentUUID": "e1c2f477-5e31-4320-9c51-68803bfb186c",
              "isHook": false,
              "skipped": false
            },
            {
              "title": "Should be NOT able to submit a successful submission vis contat us form",
              "fullTitle": "Test Contact Us from via WebDriverUni Should be NOT able to submit a successful submission vis contat us form",
              "timedOut": null,
              "duration": 1835,
              "state": "passed",
              "speed": "fast",
              "pass": true,
              "fail": false,
              "pending": false,
              "context": null,
              "code": "// code\ncy.visit(\"https://www.webdriveruniversity.com/Contact-Us/contactus.html\"); //  cy.get('#contact-us').click()\ncy.get('[name=\"first_name\"]').type(\"Joe\");\ncy.get('[name=\"last_name\"]').type(\"Buking\");\ncy.get('[name=\"message\"]').type(\"Hello there!\");\ncy.get('[type=\"submit\"]').click();\ncy.get('body').contains('Error: all fields are required'); // cy.get('body').should('have.text', 'Error: all fields are required');",
              "err": {},
              "uuid": "f0a6fc96-4209-4537-ade3-fca6235789e3",
              "parentUUID": "e1c2f477-5e31-4320-9c51-68803bfb186c",
              "isHook": false,
              "skipped": false
            },
            {
              "title": "Overcome New WebPage opening",
              "fullTitle": "Test Contact Us from via WebDriverUni Overcome New WebPage opening",
              "timedOut": null,
              "duration": 2955,
              "state": "passed",
              "speed": "fast",
              "pass": true,
              "fail": false,
              "pending": false,
              "context": null,
              "code": "cy.visit(\"https://www.webdriveruniversity.com\");\ncy.get('#contact-us').invoke('removeAttr', 'target').click();\ncy.get('[name=\"first_name\"]').type(\"Joe\");\ncy.get('[name=\"last_name\"]').type(\"Buking\");\ncy.get('[name=\"email\"]').type(\"Joe@yahoo.com\");\ncy.get('[name=\"message\"]').type(\"Hello there!\");\ncy.get('[type=\"submit\"]').click();\ncy.get('h1').should('have.text', 'Thank You for your Message!');",
              "err": {},
              "uuid": "adabbb8e-d231-4bec-bf1e-90b557d3d2bd",
              "parentUUID": "e1c2f477-5e31-4320-9c51-68803bfb186c",
              "isHook": false,
              "skipped": false
            },
            {
              "title": "BROWSER TAP Should be NOT able to submit a successful submission vis contat us form",
              "fullTitle": "Test Contact Us from via WebDriverUni BROWSER TAP Should be NOT able to submit a successful submission vis contat us form",
              "timedOut": null,
              "duration": 1453,
              "state": "passed",
              "speed": "fast",
              "pass": true,
              "fail": false,
              "pending": false,
              "context": null,
              "code": "// code\ncy.visit(\"https://www.webdriveruniversity.com\");\ncy.get('#contact-us').invoke('removeAttr', 'target').click({\n  force: true\n});\ncy.get('[name=\"first_name\"]').type(\"Joe\");\ncy.get('[name=\"last_name\"]').type(\"Buking\");\ncy.get('[name=\"message\"]').type(\"Hello there!\");\ncy.get('[type=\"submit\"]').click();\ncy.get('body').contains('Error: all fields are required'); // cy.get('body').should('have.text', 'Error: all fields are required');",
              "err": {},
              "uuid": "ceccdfd8-4440-45bf-b6b5-3cd784cb634d",
              "parentUUID": "e1c2f477-5e31-4320-9c51-68803bfb186c",
              "isHook": false,
              "skipped": false
            }
          ],
          "suites": [],
          "passes": [
            "0b306f7b-0e6c-49b4-8a79-160f70faad82",
            "f0a6fc96-4209-4537-ade3-fca6235789e3",
            "adabbb8e-d231-4bec-bf1e-90b557d3d2bd",
            "ceccdfd8-4440-45bf-b6b5-3cd784cb634d"
          ],
          "failures": [],
          "pending": [],
          "skipped": [],
          "duration": 11526,
          "root": false,
          "rootEmpty": false,
          "_timeout": 2000
        }
      ],
      "passes": [],
      "failures": [],
      "pending": [],
      "skipped": [],
      "duration": 0,
      "root": true,
      "rootEmpty": true,
      "_timeout": 2000
    }
  ],
  "meta": {
    "mocha": {
      "version": "7.0.1"
    },
    "mochawesome": {
      "options": {
        "quiet": false,
        "reportFilename": "mochawesome",
        "saveHtml": true,
        "saveJson": true,
        "consoleReporter": "spec",
        "useInlineDiffs": false,
        "code": true
      },
      "version": "7.1.3"
    },
    "marge": {
      "options": {
        "id": "default",
        "reportDir": "cypress/results/mochawesome",
        "quite": true,
        "overwrite": false,
        "json": true
      },
      "version": "6.2.0"
    }
  }
}