{
  "stats": {
    "suites": 1,
    "tests": 1,
    "passes": 1,
    "pending": 0,
    "failures": 0,
    "start": "2022-10-02T03:29:39.490Z",
    "end": "2022-10-02T03:29:49.563Z",
    "duration": 10073,
    "testsRegistered": 1,
    "passPercent": 100,
    "pendingPercent": 0,
    "other": 0,
    "hasOther": false,
    "skipped": 0,
    "hasSkipped": false
  },
  "results": [
    {
      "uuid": "63cf5185-fed6-4bce-afb9-47a107bda31e",
      "title": "",
      "fullFile": "cypress/integration/automation-test-store/practiceTest.js",
      "file": "cypress/integration/automation-test-store/practiceTest.js",
      "beforeHooks": [],
      "afterHooks": [],
      "tests": [],
      "suites": [
        {
          "uuid": "9d0e4c33-3650-44fd-aea6-823fe7444823",
          "title": "Test length and no of products",
          "fullFile": "",
          "file": "",
          "beforeHooks": [],
          "afterHooks": [],
          "tests": [
            {
              "title": "Validate a specific hair care product",
              "fullTitle": "Test length and no of products Validate a specific hair care product",
              "timedOut": null,
              "duration": 6842,
              "state": "passed",
              "speed": "medium",
              "pass": true,
              "fail": false,
              "pending": false,
              "context": null,
              "code": "cy.visit(\"https://automationteststore.com/\");\ncy.get('.thumbnail').as('thumbnailProduct');\ncy.get('@thumbnailProduct').should('have.length', 16);\ncy.get('@thumbnailProduct').find('.productcart').invoke('attr', 'title').should('include', 'Add to Cart'); // cy.get('@productCart').contains('Add to Cart')",
              "err": {},
              "uuid": "615c870d-abdc-4ceb-a005-d761038a08c5",
              "parentUUID": "9d0e4c33-3650-44fd-aea6-823fe7444823",
              "isHook": false,
              "skipped": false
            }
          ],
          "suites": [],
          "passes": [
            "615c870d-abdc-4ceb-a005-d761038a08c5"
          ],
          "failures": [],
          "pending": [],
          "skipped": [],
          "duration": 6842,
          "root": false,
          "rootEmpty": false,
          "_timeout": 2000
        }
      ],
      "passes": [],
      "failures": [],
      "pending": [],
      "skipped": [],
      "duration": 0,
      "root": true,
      "rootEmpty": true,
      "_timeout": 2000
    }
  ],
  "meta": {
    "mocha": {
      "version": "7.0.1"
    },
    "mochawesome": {
      "options": {
        "quiet": false,
        "reportFilename": "mochawesome",
        "saveHtml": true,
        "saveJson": true,
        "consoleReporter": "spec",
        "useInlineDiffs": false,
        "code": true
      },
      "version": "7.1.3"
    },
    "marge": {
      "options": {
        "id": "default",
        "reportDir": "cypress/results/mochawesome",
        "quite": true,
        "overwrite": false,
        "json": true
      },
      "version": "6.2.0"
    }
  }
}