{
  "stats": {
    "suites": 1,
    "tests": 1,
    "passes": 1,
    "pending": 0,
    "failures": 0,
    "start": "2022-10-02T03:28:38.890Z",
    "end": "2022-10-02T03:28:54.216Z",
    "duration": 15326,
    "testsRegistered": 1,
    "passPercent": 100,
    "pendingPercent": 0,
    "other": 0,
    "hasOther": false,
    "skipped": 0,
    "hasSkipped": false
  },
  "results": [
    {
      "uuid": "86ec03bc-901f-4820-9b28-fc270dbffaf2",
      "title": "",
      "fullFile": "cypress/integration/automation-test-store/contact-us.js",
      "file": "cypress/integration/automation-test-store/contact-us.js",
      "beforeHooks": [],
      "afterHooks": [],
      "tests": [],
      "suites": [
        {
          "uuid": "e86c4e2c-bd7d-4bd0-a559-eb493c489833",
          "title": "Test Contact Us from via Automation Test Store",
          "fullFile": "",
          "file": "",
          "beforeHooks": [],
          "afterHooks": [],
          "tests": [
            {
              "title": "using DYNAMIC selector Should be able to submit a successful submittion via contact us form",
              "fullTitle": "Test Contact Us from via Automation Test Store using DYNAMIC selector Should be able to submit a successful submittion via contact us form",
              "timedOut": null,
              "duration": 11632,
              "state": "passed",
              "speed": "slow",
              "pass": true,
              "fail": false,
              "pending": false,
              "context": null,
              "code": "cy.visit(\"https://www.automationteststore.com\");\ncy.get(\"a[href$='contact']\").click().then(function (item) {\n  cy.log(\"Text is: \" + item.text());\n});\ncy.get('[name=\"first_name\"]').type(\"Yana\");\ncy.get('#ContactUsFrm_email').type(\"hghgh@gmail.com\");\ncy.get('#ContactUsFrm_email').should('have.attr', 'name', 'email');\ncy.get(\"[id$='enquiry']\").type(\"hello cypress\");\ncy.get(\"[title='Submit']\").click();\ncy.get('.mb40 > :nth-child(3)').should('have.text', 'Your enquiry has been successfully sent to the store owner!');\ncy.log(\"Test has completed\");",
              "err": {},
              "uuid": "22ac6ffc-85ba-4d8c-9bef-8f88ce2c7ccb",
              "parentUUID": "e86c4e2c-bd7d-4bd0-a559-eb493c489833",
              "isHook": false,
              "skipped": false
            }
          ],
          "suites": [],
          "passes": [
            "22ac6ffc-85ba-4d8c-9bef-8f88ce2c7ccb"
          ],
          "failures": [],
          "pending": [],
          "skipped": [],
          "duration": 11632,
          "root": false,
          "rootEmpty": false,
          "_timeout": 2000
        }
      ],
      "passes": [],
      "failures": [],
      "pending": [],
      "skipped": [],
      "duration": 0,
      "root": true,
      "rootEmpty": true,
      "_timeout": 2000
    }
  ],
  "meta": {
    "mocha": {
      "version": "7.0.1"
    },
    "mochawesome": {
      "options": {
        "quiet": false,
        "reportFilename": "mochawesome",
        "saveHtml": true,
        "saveJson": true,
        "consoleReporter": "spec",
        "useInlineDiffs": false,
        "code": true
      },
      "version": "7.1.3"
    },
    "marge": {
      "options": {
        "id": "default",
        "reportDir": "cypress/results/mochawesome",
        "quite": true,
        "overwrite": false,
        "json": true
      },
      "version": "6.2.0"
    }
  }
}