{
  "stats": {
    "suites": 1,
    "tests": 1,
    "passes": 1,
    "pending": 0,
    "failures": 0,
    "start": "2022-10-02T03:29:00.209Z",
    "end": "2022-10-02T03:29:12.844Z",
    "duration": 12635,
    "testsRegistered": 1,
    "passPercent": 100,
    "pendingPercent": 0,
    "other": 0,
    "hasOther": false,
    "skipped": 0,
    "hasSkipped": false
  },
  "results": [
    {
      "uuid": "cca5525a-abb0-4095-a05f-2970f0cd989f",
      "title": "",
      "fullFile": "cypress/integration/automation-test-store/inspect-item.js",
      "file": "cypress/integration/automation-test-store/inspect-item.js",
      "beforeHooks": [],
      "afterHooks": [],
      "tests": [],
      "suites": [
        {
          "uuid": "74fa0722-674b-4429-b7bc-2254cb7a5480",
          "title": "Ispect the Chain Commands",
          "fullFile": "",
          "file": "",
          "beforeHooks": [],
          "afterHooks": [],
          "tests": [
            {
              "title": "Click on the first item using item text",
              "fullTitle": "Ispect the Chain Commands Click on the first item using item text",
              "timedOut": null,
              "duration": 8976,
              "state": "passed",
              "speed": "medium",
              "pass": true,
              "fail": false,
              "pending": false,
              "context": null,
              "code": "// code\ncy.visit(\"https://www.automationteststore.com\"); //   cy.get('#block_frame_featured_1769 > .thumbnails > :nth-child(1) > .fixed_wrapper > .fixed > .prdocutname')\ncy.get('.prdocutname').contains('Skinsheen Bronzer Stick').click().then(function (itemHeaderText) {\n  console.log(\"Selected the following items: \" + itemHeaderText.text());\n});",
              "err": {},
              "uuid": "5284ce51-7393-47b2-a9a7-2e7077075009",
              "parentUUID": "74fa0722-674b-4429-b7bc-2254cb7a5480",
              "isHook": false,
              "skipped": false
            }
          ],
          "suites": [],
          "passes": [
            "5284ce51-7393-47b2-a9a7-2e7077075009"
          ],
          "failures": [],
          "pending": [],
          "skipped": [],
          "duration": 8976,
          "root": false,
          "rootEmpty": false,
          "_timeout": 2000
        }
      ],
      "passes": [],
      "failures": [],
      "pending": [],
      "skipped": [],
      "duration": 0,
      "root": true,
      "rootEmpty": true,
      "_timeout": 2000
    }
  ],
  "meta": {
    "mocha": {
      "version": "7.0.1"
    },
    "mochawesome": {
      "options": {
        "quiet": false,
        "reportFilename": "mochawesome",
        "saveHtml": true,
        "saveJson": true,
        "consoleReporter": "spec",
        "useInlineDiffs": false,
        "code": true
      },
      "version": "7.1.3"
    },
    "marge": {
      "options": {
        "id": "default",
        "reportDir": "cypress/results/mochawesome",
        "quite": true,
        "overwrite": false,
        "json": true
      },
      "version": "6.2.0"
    }
  }
}