{
  "stats": {
    "suites": 1,
    "tests": 1,
    "passes": 1,
    "pending": 0,
    "failures": 0,
    "start": "2022-10-02T03:29:55.078Z",
    "end": "2022-10-02T03:30:02.956Z",
    "duration": 7878,
    "testsRegistered": 1,
    "passPercent": 100,
    "pendingPercent": 0,
    "other": 0,
    "hasOther": false,
    "skipped": 0,
    "hasSkipped": false
  },
  "results": [
    {
      "uuid": "ed44db24-b930-4dc6-a9f3-fa3938b078e1",
      "title": "",
      "fullFile": "cypress/integration/automation-test-store/variables-and-cy-commands.js",
      "file": "cypress/integration/automation-test-store/variables-and-cy-commands.js",
      "beforeHooks": [],
      "afterHooks": [],
      "tests": [],
      "suites": [
        {
          "uuid": "85e49d2e-fe1d-4ea0-80eb-9bfebba4591c",
          "title": "Verif variables, cypress commands, jquery commands",
          "fullFile": "",
          "file": "",
          "beforeHooks": [],
          "afterHooks": [],
          "tests": [
            {
              "title": "Contact Us Form Test",
              "fullTitle": "Verif variables, cypress commands, jquery commands Contact Us Form Test",
              "timedOut": null,
              "duration": 3498,
              "state": "passed",
              "speed": "fast",
              "pass": true,
              "fail": false,
              "pending": false,
              "context": null,
              "code": "cy.visit(\"https://automationteststore.com/index.php?rt=content/contact\"); //cypress commands \ncy.contains('#ContactUsFrm', 'Contact Us Form').find('#field_11').should('contain', 'First name:'); //JQuery commands \n// cy.contains('#ContactUsFrm', 'Contact Us Form').then(text => {\n//     const firstName = text.find('#field_11').text()\n//     expect(firstName).to.contain('First name')\n//      // Embedded command \n//         cy.get('#field_11').then(fntext =>{\n//         cy.log(fntext.text())\n//         cy.log()\n// })\n// })",
              "err": {},
              "uuid": "196716a5-df90-4439-ae2c-860f5fcdb69c",
              "parentUUID": "85e49d2e-fe1d-4ea0-80eb-9bfebba4591c",
              "isHook": false,
              "skipped": false
            }
          ],
          "suites": [],
          "passes": [
            "196716a5-df90-4439-ae2c-860f5fcdb69c"
          ],
          "failures": [],
          "pending": [],
          "skipped": [],
          "duration": 3498,
          "root": false,
          "rootEmpty": false,
          "_timeout": 2000
        }
      ],
      "passes": [],
      "failures": [],
      "pending": [],
      "skipped": [],
      "duration": 0,
      "root": true,
      "rootEmpty": true,
      "_timeout": 2000
    }
  ],
  "meta": {
    "mocha": {
      "version": "7.0.1"
    },
    "mochawesome": {
      "options": {
        "quiet": false,
        "reportFilename": "mochawesome",
        "saveHtml": true,
        "saveJson": true,
        "consoleReporter": "spec",
        "useInlineDiffs": false,
        "code": true
      },
      "version": "7.1.3"
    },
    "marge": {
      "options": {
        "id": "default",
        "reportDir": "cypress/results/mochawesome",
        "quite": true,
        "overwrite": false,
        "json": true
      },
      "version": "6.2.0"
    }
  }
}