{
  "stats": {
    "suites": 1,
    "tests": 1,
    "passes": 1,
    "pending": 0,
    "failures": 0,
    "start": "2022-10-02T03:28:20.909Z",
    "end": "2022-10-02T03:28:32.866Z",
    "duration": 11957,
    "testsRegistered": 1,
    "passPercent": 100,
    "pendingPercent": 0,
    "other": 0,
    "hasOther": false,
    "skipped": 0,
    "hasSkipped": false
  },
  "results": [
    {
      "uuid": "fd88bd33-fc90-47e1-a889-ab007e089cf9",
      "title": "",
      "fullFile": "cypress/integration/automation-test-store/alias-invoke.js",
      "file": "cypress/integration/automation-test-store/alias-invoke.js",
      "beforeHooks": [],
      "afterHooks": [],
      "tests": [],
      "suites": [
        {
          "uuid": "79376179-9024-4179-9acc-a8bc30c1afda",
          "title": "Alias and invoke",
          "fullFile": "",
          "file": "",
          "beforeHooks": [],
          "afterHooks": [],
          "tests": [
            {
              "title": "Calculate total of normal and sale products",
              "fullTitle": "Alias and invoke Calculate total of normal and sale products",
              "timedOut": null,
              "duration": 6798,
              "state": "passed",
              "speed": "medium",
              "pass": true,
              "fail": false,
              "pending": false,
              "context": null,
              "code": "cy.visit(\"https://automationteststore.com/\");\ncy.get('.thumbnail').as('thumbnailProduct'); // cy.get('@thumbnailProduct').find('.oneprice').each(($el, index, $list) =>{\n//   cy.log(\"Index: \" + index + \": \"+$el.text())\n// })\ncy.get('.thumbnail').find('.oneprice').invoke('text').as('itemPrice'); // NON SALE\ncy.get('.thumbnail').find('.pricenew').invoke('text').as('itemPriceOnSale'); // SALE \nvar total = 0;\ncy.get('@itemPriceOnSale').then($linkText => {\n  var itemPriceOnSale = $linkText.split('$');\n  var i;\n  for (let i = 0; i < itemPriceOnSale.length; i++) {\n    cy.log(\"SALE price: \" + itemPriceOnSale[i]);\n    total += Number(itemPriceOnSale[i]);\n  }\n  cy.log(\"TotalOnSale \" + total);\n});\ncy.get('@itemPrice').then($linkText => {\n  //create an array:\n  var itemPrice = $linkText.split('$');\n  var totalNonSale = 0;\n  var i;\n  for (let i = 0; i < itemPrice.length; i++) {\n    cy.log(itemPrice[i]);\n    total += Number(itemPrice[i]);\n    totalNonSale += Number(itemPrice[i]);\n  }\n  cy.log(\"NON sale price total:\" + totalNonSale);\n  cy.log(total);\n}).then(() => {\n  cy.log(\"The total amount of prices: \" + total);\n  expect(total).to.equal(685.6);\n});",
              "err": {},
              "uuid": "1671c98a-39ea-4ac7-9e24-860d46abb823",
              "parentUUID": "79376179-9024-4179-9acc-a8bc30c1afda",
              "isHook": false,
              "skipped": false
            }
          ],
          "suites": [],
          "passes": [
            "1671c98a-39ea-4ac7-9e24-860d46abb823"
          ],
          "failures": [],
          "pending": [],
          "skipped": [],
          "duration": 6798,
          "root": false,
          "rootEmpty": false,
          "_timeout": 2000
        }
      ],
      "passes": [],
      "failures": [],
      "pending": [],
      "skipped": [],
      "duration": 0,
      "root": true,
      "rootEmpty": true,
      "_timeout": 2000
    }
  ],
  "meta": {
    "mocha": {
      "version": "7.0.1"
    },
    "mochawesome": {
      "options": {
        "quiet": false,
        "reportFilename": "mochawesome",
        "saveHtml": true,
        "saveJson": true,
        "consoleReporter": "spec",
        "useInlineDiffs": false,
        "code": true
      },
      "version": "7.1.3"
    },
    "marge": {
      "options": {
        "id": "default",
        "reportDir": "cypress/results/mochawesome",
        "quite": true,
        "overwrite": false,
        "json": true
      },
      "version": "6.2.0"
    }
  }
}